<?xml version="1.0" encoding="UTF-8"?>
<!-- Generated by org.testng.reporters.JUnitXMLReporter -->
<testsuite ignored="0" hostname="DESKTOP-U5PV2QM" failures="0" tests="4" name="submit order" time="26.046" errors="0" timestamp="2024-08-29T00:02:24 EDT">
  <testcase classname="vaibhav.tests.StandaloneTest" name="submitOrder" time="3.582"/>
  <testcase classname="vaibhav.tests.StandaloneTest" name="submitOrder" time="3.37"/>
  <testcase classname="vaibhav.tests.StandaloneTest" name="orderValidation" time="0.791"/>
  <testcase classname="vaibhav.tests.StandaloneTest" name="orderValidation" time="0.815"/>
</testsuite> <!-- submit order -->
