<?xml version="1.0" encoding="UTF-8"?>
<!-- Generated by org.testng.reporters.JUnitXMLReporter -->
<testsuite ignored="0" hostname="DESKTOP-U5PV2QM" failures="0" tests="4" name="submit order" time="24.398" errors="0" timestamp="2024-08-23T12:54:09 EDT">
  <testcase classname="vaibhav.tests.StandaloneTest" name="submitOrder" time="3.445"/>
  <testcase classname="vaibhav.tests.StandaloneTest" name="submitOrder" time="3.377"/>
  <testcase classname="vaibhav.tests.StandaloneTest" name="orderValidation" time="0.794"/>
  <testcase classname="vaibhav.tests.StandaloneTest" name="orderValidation" time="0.798"/>
</testsuite> <!-- submit order -->
