<?xml version="1.0" encoding="UTF-8"?>
<!-- Generated by org.testng.reporters.JUnitXMLReporter -->
<testsuite ignored="0" hostname="DESKTOP-U5PV2QM" failures="0" tests="4" name="submit order" time="23.57" errors="0" timestamp="2024-08-22T16:11:30 EDT">
  <testcase classname="vaibhav.tests.StandaloneTest" name="submitOrder" time="3.418"/>
  <testcase classname="vaibhav.tests.StandaloneTest" name="submitOrder" time="3.393"/>
  <testcase classname="vaibhav.tests.StandaloneTest" name="orderValidation" time="0.774"/>
  <testcase classname="vaibhav.tests.StandaloneTest" name="orderValidation" time="0.792"/>
</testsuite> <!-- submit order -->
